Unity Editor version:    2022.3.45f1 (a13dfa44d684)
Branch:                  2022.3/staging
Build type:              Release
Batch mode:              YES
System name:             Linux
Distro version:          #5 SMP Sun Mar 29 07:25:21 UTC 2026
Kernel version:          5.15.200
Architecture:            x86_64
Available memory:        7955 MB
[Licensing::Module] Trying to connect to existing licensing client channel...
[Licensing::IpcConnector] Connection attempt to the License Client on channel: "LicenseClient-root" failed because channel doesn't exist; code: "0x80000002"
[Licensing::Module] Successfully launched the LicensingClient (PId: 13)
[Licensing::IpcConnector] Successfully connected to the License Client on channel: "LicenseClient-root" at "2026-04-27T07:03:30.700827Z"
[SignatureVerifier] Application signature verification not supported on this platform.
[Licensing::Client] Handshaking with LicensingClient:
  Version:                 1.15.5+a2f8afb
  Session Id:              d5d75fd126004a26ac373fa71c052b80
  Correlation Id:          a81093f3da9650f3db23c34597871d91
  External correlation Id: 7704313421790819334
  Machine Id:              D7nTUnjNAmtsUMcnoyrqkgIbYdM=
[Licensing::Module] Successfully connected to LicensingClient on channel: "LicenseClient-root" (connect: 0.76s, validation: 0.08s, handshake: 0.00s)
[Licensing::IpcConnector] Successfully connected to the License Notification on channel: "LicenseClient-root-notifications" at "2026-04-27T07:03:30.785396Z"
[Licensing::Module] Connected to LicensingClient (PId: 13, launch time: 0.00, total connection time: 0.84s)
[Licensing::Module] Error: Access token is unavailable; failed to update
[Licensing::Client] Error: Code 500 while processing request (status: Unable to update licenses. Errors: Cannot load ULF license: The digital signature is invalid.,Token not found in cache)
[Licensing::Client] Error: Code 500 while updating license in client (status: Unable to update licenses. Errors: Cannot load ULF license: The digital signature is invalid.,Token not found in cache)
[Licensing::Client] Error: Code 404 while processing request (status: Found 0 entitlement groups and 0 free entitlements matching requested entitlement ids)
[Licensing::Module] Error: 'com.unity.editor.headless' was not found.
Pro License: NO
Initialize udev device monitor.
CreateDirectory '/root/.cache/unity3d' failed:  (current dir: /)
[Licensing::Client] Error: Code 404 while processing request (status: Found 0 entitlement groups and 0 free entitlements matching requested entitlement ids)
No valid Unity Editor license found. Please activate your license.
